<?xml version="1.0" encoding="UTF-8"?>
<!-- Generated by org.testng.reporters.JUnitXMLReporter -->
<testsuite ignored="0" hostname="Jarvis-2.local" failures="0" tests="3" name="Default test" time="118.443" errors="0" timestamp="2025-04-15T00:18:15 IST">
  <testcase classname="myPersonalFramework.tests.submitOrderTest" name="submitOrder" time="27.124"/>
  <testcase classname="myPersonalFramework.tests.submitOrderTest" name="submitOrder" time="33.688"/>
  <testcase classname="myPersonalFramework.tests.submitOrderTest" name="OrderHistoryTest" time="16.646"/>
</testsuite> <!-- Default test -->
