<?xml version="1.0" encoding="UTF-8"?>
<!-- Generated by org.testng.reporters.JUnitXMLReporter -->
<testsuite ignored="1" hostname="Jarvis-2.local" failures="0" tests="1" name="Error Validations Test" time="16.109" errors="0" timestamp="2025-04-14T14:20:01 IST">
  <testcase classname="myPersonalFramework.tests.ErrorValidationsTest" name="LoginErrorValidation" time="3.381"/>
  <testcase classname="myPersonalFramework.tests.ErrorValidationsTest" name="ProductErrorValidation" time="0.0">
    <ignored/>
  </testcase> <!-- ProductErrorValidation -->
</testsuite> <!-- Error Validations Test -->
