<?xml version="1.0" encoding="UTF-8"?>
<!-- Generated by org.testng.reporters.JUnitXMLReporter -->
<testsuite ignored="1" hostname="Jarvis-2.local" failures="0" tests="2" name="Submit Order Test" time="92.131" errors="0" timestamp="2025-04-16T00:07:42 IST">
  <testcase classname="myPersonalFramework.tests.submitOrderTest" name="submitOrder" time="30.988"/>
  <testcase classname="myPersonalFramework.tests.submitOrderTest" name="submitOrder" time="31.956"/>
  <testcase classname="myPersonalFramework.tests.submitOrderTest" name="OrderHistoryTest" time="0.0">
    <ignored/>
  </testcase> <!-- OrderHistoryTest -->
</testsuite> <!-- Submit Order Test -->
