<?xml version="1.0" encoding="UTF-8"?>
<testng-results ignored="3" total="4" passed="1" failed="0" skipped="0">
  <reporter-output>
  </reporter-output>
  <suite started-at="2025-04-14T14:19:45 IST" name="Suite" finished-at="2025-04-14T14:20:01 IST" duration-ms="16109">
    <groups>
      <group name="ErrorHandling">
        <method signature="ErrorValidationsTest.LoginErrorValidation()[pri:0, instance:myPersonalFramework.tests.ErrorValidationsTest@35d019a3]" name="LoginErrorValidation" class="myPersonalFramework.tests.ErrorValidationsTest"/>
      </group> <!-- ErrorHandling -->
    </groups>
    <test started-at="2025-04-14T14:19:45 IST" name="Submit Order Test" finished-at="2025-04-14T14:19:45 IST" duration-ms="5">
    </test> <!-- Submit Order Test -->
    <test started-at="2025-04-14T14:19:45 IST" name="Error Validations Test" finished-at="2025-04-14T14:20:01 IST" duration-ms="16109">
      <class name="myPersonalFramework.tests.ErrorValidationsTest">
        <test-method is-config="true" signature="launchApplication()[pri:0, instance:myPersonalFramework.tests.ErrorValidationsTest@35d019a3]" started-at="2025-04-14T14:19:45 IST" name="launchApplication" finished-at="2025-04-14T14:19:57 IST" duration-ms="12545" status="PASS">
          <reporter-output>
          </reporter-output>
        </test-method> <!-- launchApplication -->
        <test-method signature="LoginErrorValidation()[pri:0, instance:myPersonalFramework.tests.ErrorValidationsTest@35d019a3]" started-at="2025-04-14T14:19:57 IST" name="LoginErrorValidation" finished-at="2025-04-14T14:20:01 IST" duration-ms="3381" status="PASS">
          <reporter-output>
          </reporter-output>
        </test-method> <!-- LoginErrorValidation -->
        <test-method is-config="true" signature="tearDown()[pri:0, instance:myPersonalFramework.tests.ErrorValidationsTest@35d019a3]" started-at="2025-04-14T14:20:01 IST" name="tearDown" finished-at="2025-04-14T14:20:01 IST" duration-ms="157" status="PASS">
          <reporter-output>
          </reporter-output>
        </test-method> <!-- tearDown -->
      </class> <!-- myPersonalFramework.tests.ErrorValidationsTest -->
    </test> <!-- Error Validations Test -->
  </suite> <!-- Suite -->
</testng-results>
